<?xml version="1.0" encoding="UTF-8"?>
<!-- Generated by org.testng.reporters.JUnitXMLReporter -->
<testsuite hostname="CC" name="TC_Portal_12: To verify Online User won&#039;t allow to apply for Advaced License when Basic License Permit Already exist." tests="1" failures="0" timestamp="24 Oct 2017 12:16:34 GMT" time="131.766" errors="0">
  <testcase name="verifyAdvancedApplicationWarning" time="65.228" classname="com.owls.CreateApp.index.CreateApplicationIndex"/>
</testsuite> <!-- TC_Portal_12: To verify Online User won't allow to apply for Advaced License when Basic License Permit Already exist. -->
