<?xml version="1.0" encoding="UTF-8"?>
<!-- Generated by org.testng.reporters.JUnitXMLReporter -->
<testsuite hostname="CC" name="TC_CRM_016: To verify Interview/Site inspection task to be available under Wildlife licencing queue and inpsecting screen to be available for the role -&#039;Manager wildlife licencing&#039;." tests="1" failures="0" timestamp="16 Oct 2017 11:44:57 GMT" time="331.684" errors="0">
  <testcase name="completeAdvancedApplicationInterviewInspectionTask" time="256.985" classname="com.owls.crm.index.CRMIndex"/>
</testsuite> <!-- TC_CRM_016: To verify Interview/Site inspection task to be available under Wildlife licencing queue and inpsecting screen to be available for the role -'Manager wildlife licencing'. -->
