<?xml version="1.0" encoding="UTF-8"?>
<!-- Generated by org.testng.reporters.JUnitXMLReporter -->
<testsuite hostname="CC" name="TC_CRM_018: To verify OWLS internal user to complete &#039;Awaiting Payment Confirmation&#039; task and to verify the Permit document is available for the online portal user to download." tests="1" failures="0" timestamp="16 Oct 2017 11:58:16 GMT" time="372.758" errors="0">
  <testcase name="completeAdvancedApplicationAwaitingPaymentConfirmationTask" time="312.906" classname="com.owls.crm.index.CRMIndex"/>
</testsuite> <!-- TC_CRM_018: To verify OWLS internal user to complete 'Awaiting Payment Confirmation' task and to verify the Permit document is available for the online portal user to download. -->
