<?xml version="1.0" encoding="UTF-8"?>
<!-- Generated by org.testng.reporters.JUnitXMLReporter -->
<testsuite hostname="CC" name="TC_CRM_003: To verify Interview/Site inspection task to be available under Wildlife licencing queue and inpsecting screen to be available for the role -&#039;Manager wildlife licencing&#039;." tests="1" failures="0" timestamp="6 Nov 2017 05:58:25 GMT" time="51.384" errors="0">
  <testcase name="completeInterviewInspectionTask" time="0.002" classname="com.owls.crm.index.CRMIndex">
    <skipped/>
  </testcase> <!-- completeInterviewInspectionTask -->
</testsuite> <!-- TC_CRM_003: To verify Interview/Site inspection task to be available under Wildlife licencing queue and inpsecting screen to be available for the role -'Manager wildlife licencing'. -->
