<?xml version="1.0" encoding="UTF-8"?>
<!-- Generated by org.testng.reporters.JUnitXMLReporter -->
<testsuite hostname="CC" name="TC_CRM_001: To verify OWLS Internal user reviews the &#039;Review Application task." tests="1" failures="0" timestamp="6 Nov 2017 05:41:59 GMT" time="243.258" errors="0">
  <testcase name="validateReviewAppliactionTask" time="178.599" classname="com.owls.crm.index.CRMIndex"/>
</testsuite> <!-- TC_CRM_001: To verify OWLS Internal user reviews the 'Review Application task. -->
