<?xml version="1.0" encoding="UTF-8"?>
<!-- Generated by org.testng.reporters.JUnitXMLReporter -->
<testsuite hostname="CC" name="TC_Portal_001: To verify Online user submits a basic application with conditions to trigger the &#039;Review Application&#039;  task." tests="1" failures="0" timestamp="6 Nov 2017 05:37:56 GMT" time="268.614" errors="0">
  <testcase name="verifyCreateApplication" time="207.339" classname="com.owls.CreateApp.index.CreateApplicationIndex"/>
</testsuite> <!-- TC_Portal_001: To verify Online user submits a basic application with conditions to trigger the 'Review Application'  task. -->
