<?xml version="1.0" encoding="UTF-8"?>
<!-- Generated by org.testng.reporters.JUnitXMLReporter -->
<testsuite hostname="CC" name="TC_Portal_002: To verify Payment Notice and Fee Pay links are generated and Payment Notice contains correct postal Address." tests="1" failures="0" timestamp="6 Nov 2017 06:00:10 GMT" time="51.241" errors="0">
  <testcase name="verifyPaymentNoticeAndAwaitingTask" time="0.001" classname="com.owls.CreateApp.index.CreateApplicationIndex">
    <skipped/>
  </testcase> <!-- verifyPaymentNoticeAndAwaitingTask -->
</testsuite> <!-- TC_Portal_002: To verify Payment Notice and Fee Pay links are generated and Payment Notice contains correct postal Address. -->
