<?xml version="1.0" encoding="UTF-8"?>
<!-- Generated by org.testng.reporters.JUnitXMLReporter -->
<testsuite hostname="CC" name="Default test" tests="16" failures="0" timestamp="31 Oct 2017 06:01:36 GMT" time="0.267" errors="0">
  <testcase name="@BeforeMethod setUp" time="0.0" classname="com.owls.CreateApp.index.CreateApplicationIndex">
    <failure type="java.net.MalformedURLException" message="For input string: &amp;quot;null&amp;quot;">
      <![CDATA[java.net.MalformedURLException: For input string: "null"
	at java.net.URL.<init>(Unknown Source)
	at java.net.URL.<init>(Unknown Source)
	at java.net.URL.<init>(Unknown Source)
	at com.owls.init.SeleniumInit.setUp(SeleniumInit.java:169)
	at sun.reflect.NativeMethodAccessorImpl.invoke0(Native Method)
	at sun.reflect.NativeMethodAccessorImpl.invoke(Unknown Source)
	at sun.reflect.DelegatingMethodAccessorImpl.invoke(Unknown Source)
	at java.lang.reflect.Method.invoke(Unknown Source)
	at org.testng.internal.MethodInvocationHelper.invokeMethod(MethodInvocationHelper.java:84)
	at org.testng.internal.Invoker.invokeConfigurationMethod(Invoker.java:564)
	at org.testng.internal.Invoker.invokeConfigurations(Invoker.java:213)
	at org.testng.internal.Invoker.invokeMethod(Invoker.java:653)
	at org.testng.internal.Invoker.invokeTestMethod(Invoker.java:901)
	at org.testng.internal.Invoker.invokeTestMethods(Invoker.java:1231)
	at org.testng.internal.TestMethodWorker.invokeTestMethods(TestMethodWorker.java:127)
	at org.testng.internal.TestMethodWorker.run(TestMethodWorker.java:111)
	at org.testng.TestRunner.privateRun(TestRunner.java:767)
	at org.testng.TestRunner.run(TestRunner.java:617)
	at org.testng.SuiteRunner.runTest(SuiteRunner.java:348)
	at org.testng.SuiteRunner.runSequentially(SuiteRunner.java:343)
	at org.testng.SuiteRunner.privateRun(SuiteRunner.java:305)
	at org.testng.SuiteRunner.run(SuiteRunner.java:254)
	at org.testng.SuiteRunnerWorker.runSuite(SuiteRunnerWorker.java:52)
	at org.testng.SuiteRunnerWorker.run(SuiteRunnerWorker.java:86)
	at org.testng.TestNG.runSuitesSequentially(TestNG.java:1224)
	at org.testng.TestNG.runSuitesLocally(TestNG.java:1149)
	at org.testng.TestNG.run(TestNG.java:1057)
	at org.testng.remote.AbstractRemoteTestNG.run(AbstractRemoteTestNG.java:132)
	at org.testng.remote.RemoteTestNG.initAndRun(RemoteTestNG.java:230)
	at org.testng.remote.RemoteTestNG.main(RemoteTestNG.java:76)
Caused by: java.lang.NumberFormatException: For input string: "null"
	at java.lang.NumberFormatException.forInputString(Unknown Source)
	at java.lang.Integer.parseInt(Unknown Source)
	at java.lang.Integer.parseInt(Unknown Source)
	at java.net.URLStreamHandler.parseURL(Unknown Source)
	... 30 more
]]>
    </failure>
  </testcase> <!-- @BeforeMethod setUp -->
  <testcase name="@BeforeMethod setUp" time="0.0" classname="com.owls.CreateApp.index.CreateApplicationIndex">
    <skipped/>
  </testcase> <!-- @BeforeMethod setUp -->
  <testcase name="@BeforeMethod setUp" time="0.0" classname="com.owls.CreateApp.index.CreateApplicationIndex">
    <skipped/>
  </testcase> <!-- @BeforeMethod setUp -->
  <testcase name="@BeforeMethod setUp" time="0.0" classname="com.owls.CreateApp.index.CreateApplicationIndex">
    <skipped/>
  </testcase> <!-- @BeforeMethod setUp -->
  <testcase name="@BeforeMethod setUp" time="0.0" classname="com.owls.CreateApp.index.CreateApplicationIndex">
    <skipped/>
  </testcase> <!-- @BeforeMethod setUp -->
  <testcase name="@BeforeMethod setUp" time="0.0" classname="com.owls.CreateApp.index.CreateApplicationIndex">
    <skipped/>
  </testcase> <!-- @BeforeMethod setUp -->
  <testcase name="@BeforeMethod setUp" time="0.0" classname="com.owls.CreateApp.index.CreateApplicationIndex">
    <skipped/>
  </testcase> <!-- @BeforeMethod setUp -->
  <testcase name="@BeforeMethod setUp" time="0.0" classname="com.owls.CreateApp.index.CreateApplicationIndex">
    <skipped/>
  </testcase> <!-- @BeforeMethod setUp -->
  <testcase name="@BeforeMethod setUp" time="0.0" classname="com.owls.CreateApp.index.CreateApplicationIndex">
    <skipped/>
  </testcase> <!-- @BeforeMethod setUp -->
  <testcase name="@BeforeMethod setUp" time="0.0" classname="com.owls.CreateApp.index.CreateApplicationIndex">
    <skipped/>
  </testcase> <!-- @BeforeMethod setUp -->
  <testcase name="@BeforeMethod setUp" time="0.0" classname="com.owls.CreateApp.index.CreateApplicationIndex">
    <skipped/>
  </testcase> <!-- @BeforeMethod setUp -->
  <testcase name="@BeforeMethod setUp" time="0.0" classname="com.owls.CreateApp.index.CreateApplicationIndex">
    <skipped/>
  </testcase> <!-- @BeforeMethod setUp -->
  <testcase name="@BeforeMethod setUp" time="0.0" classname="com.owls.CreateApp.index.CreateApplicationIndex">
    <skipped/>
  </testcase> <!-- @BeforeMethod setUp -->
  <testcase name="@BeforeMethod setUp" time="0.0" classname="com.owls.CreateApp.index.CreateApplicationIndex">
    <skipped/>
  </testcase> <!-- @BeforeMethod setUp -->
  <testcase name="@BeforeMethod setUp" time="0.0" classname="com.owls.CreateApp.index.CreateApplicationIndex">
    <skipped/>
  </testcase> <!-- @BeforeMethod setUp -->
  <testcase name="@BeforeMethod setUp" time="0.0" classname="com.owls.CreateApp.index.CreateApplicationIndex">
    <skipped/>
  </testcase> <!-- @BeforeMethod setUp -->
  <testcase name="SubmitApplication_Wildlife_Basic_Licence" time="0.0" classname="com.owls.CreateApp.index.CreateApplicationIndex">
    <skipped/>
  </testcase> <!-- SubmitApplication_Wildlife_Basic_Licence -->
  <testcase name="SubmitApplication_Wildlife_Specimen_Licence" time="0.0" classname="com.owls.CreateApp.index.CreateApplicationIndex">
    <skipped/>
  </testcase> <!-- SubmitApplication_Wildlife_Specimen_Licence -->
  <testcase name="createAdvancedApplicationWithoutError" time="0.0" classname="com.owls.CreateApp.index.CreateApplicationIndex">
    <skipped/>
  </testcase> <!-- createAdvancedApplicationWithoutError -->
  <testcase name="createApplicationWithoutError" time="0.016" classname="com.owls.CreateApp.index.CreateApplicationIndex">
    <skipped/>
  </testcase> <!-- createApplicationWithoutError -->
  <testcase name="createSpecimenApplicationWithoutError" time="0.0" classname="com.owls.CreateApp.index.CreateApplicationIndex">
    <skipped/>
  </testcase> <!-- createSpecimenApplicationWithoutError -->
  <testcase name="verifyAdvancedAppPaymentNoticeAndAwaitingTask" time="0.0" classname="com.owls.CreateApp.index.CreateApplicationIndex">
    <skipped/>
  </testcase> <!-- verifyAdvancedAppPaymentNoticeAndAwaitingTask -->
  <testcase name="verifyAdvancedApplicationWarning" time="0.0" classname="com.owls.CreateApp.index.CreateApplicationIndex">
    <skipped/>
  </testcase> <!-- verifyAdvancedApplicationWarning -->
  <testcase name="verifyBasicApplicationWarning" time="0.016" classname="com.owls.CreateApp.index.CreateApplicationIndex">
    <skipped/>
  </testcase> <!-- verifyBasicApplicationWarning -->
  <testcase name="verifyCreateAdvancedApplication" time="0.0" classname="com.owls.CreateApp.index.CreateApplicationIndex">
    <skipped/>
  </testcase> <!-- verifyCreateAdvancedApplication -->
  <testcase name="verifyCreateApplication" time="0.0" classname="com.owls.CreateApp.index.CreateApplicationIndex">
    <skipped/>
  </testcase> <!-- verifyCreateApplication -->
  <testcase name="verifyCreateDingoApplication" time="0.0" classname="com.owls.CreateApp.index.CreateApplicationIndex">
    <skipped/>
  </testcase> <!-- verifyCreateDingoApplication -->
  <testcase name="verifyCreateSpecimenApplication" time="0.0" classname="com.owls.CreateApp.index.CreateApplicationIndex">
    <skipped/>
  </testcase> <!-- verifyCreateSpecimenApplication -->
  <testcase name="verifyDingoAppPaymentNoticeAndAwaitingTask" time="0.016" classname="com.owls.CreateApp.index.CreateApplicationIndex">
    <skipped/>
  </testcase> <!-- verifyDingoAppPaymentNoticeAndAwaitingTask -->
  <testcase name="verifyPaymentNoticeAndAwaitingTask" time="0.0" classname="com.owls.CreateApp.index.CreateApplicationIndex">
    <skipped/>
  </testcase> <!-- verifyPaymentNoticeAndAwaitingTask -->
  <testcase name="verifySpecimenAppPaymentNoticeAndAwaitingTask" time="0.0" classname="com.owls.CreateApp.index.CreateApplicationIndex">
    <skipped/>
  </testcase> <!-- verifySpecimenAppPaymentNoticeAndAwaitingTask -->
  <testcase name="verifyWarningMessage" time="0.0" classname="com.owls.CreateApp.index.CreateApplicationIndex">
    <skipped/>
  </testcase> <!-- verifyWarningMessage -->
</testsuite> <!-- Default test -->
