<?xml version="1.0" encoding="UTF-8"?>
<!-- Generated by org.testng.reporters.JUnitXMLReporter -->
<testsuite hostname="CC" name="TC_CRM_022:  To verify Delegate Officer take the &#039;Approval By Delegate&#039; task to &#039;Await payment confirmation&#039; task." tests="1" failures="0" timestamp="6 Nov 2017 10:34:35 GMT" time="101.103" errors="0">
  <testcase name="verifyAndCompleteApproveDelegateTask" time="0.001" classname="com.owls.crm.index.CRMIndex">
    <skipped/>
  </testcase> <!-- verifyAndCompleteApproveDelegateTask -->
</testsuite> <!-- TC_CRM_022:  To verify Delegate Officer take the 'Approval By Delegate' task to 'Await payment confirmation' task. -->
