<?xml version="1.0" encoding="UTF-8"?>
<!-- Generated by org.testng.reporters.JUnitXMLReporter -->
<testsuite hostname="CC" name="TC_CRM_021: To verify Interview/Site inspection task to be available under appropriate region queue and inpsecting screen to be available for the role -&#039;Manager wildlife licencing&#039;." tests="1" failures="0" timestamp="6 Nov 2017 10:32:54 GMT" time="101.92" errors="0">
  <testcase name="completeInterviewInspectionTask" time="0.003" classname="com.owls.crm.index.CRMIndex">
    <skipped/>
  </testcase> <!-- completeInterviewInspectionTask -->
</testsuite> <!-- TC_CRM_021: To verify Interview/Site inspection task to be available under appropriate region queue and inpsecting screen to be available for the role -'Manager wildlife licencing'. -->
