<?xml version="1.0" encoding="UTF-8"?>
<!-- Generated by org.testng.reporters.JUnitXMLReporter -->
<testsuite hostname="CC" name="TC_CRM_019: To verify OWLS internal user reviews the &#039;Review Application&#039; task." tests="1" failures="0" timestamp="6 Nov 2017 10:13:21 GMT" time="255.657" errors="0">
  <testcase name="validateReviewAppliactionTask" time="193.302" classname="com.owls.crm.index.CRMIndex"/>
</testsuite> <!-- TC_CRM_019: To verify OWLS internal user reviews the 'Review Application' task. -->
