<?xml version="1.0" encoding="UTF-8"?>
<!-- Generated by org.testng.reporters.JUnitXMLReporter -->
<testsuite hostname="CC" name="TC_CRM_023: To verify OWLS internal user to complete &#039;Awaiting Payment Confirmation&#039; task and to verify the Permit document is available for the online portal user to download." tests="1" failures="0" timestamp="6 Nov 2017 10:38:03 GMT" time="99.813" errors="0">
  <testcase name="completeAwaitingPaymentConfirmationTask" time="0.001" classname="com.owls.crm.index.CRMIndex">
    <skipped/>
  </testcase> <!-- completeAwaitingPaymentConfirmationTask -->
</testsuite> <!-- TC_CRM_023: To verify OWLS internal user to complete 'Awaiting Payment Confirmation' task and to verify the Permit document is available for the online portal user to download. -->
