<?xml version="1.0" encoding="UTF-8"?>
<!-- Generated by org.testng.reporters.JUnitXMLReporter -->
<testsuite hostname="CC" name="TC_Portal_013: To verify that user is able to submit Dingo License application to OWLS portal." tests="1" failures="0" timestamp="6 Nov 2017 10:09:05 GMT" time="283.638" errors="0">
  <testcase name="verifyCreateApplication" time="211.131" classname="com.owls.CreateApp.index.CreateApplicationIndex"/>
</testsuite> <!-- TC_Portal_013: To verify that user is able to submit Dingo License application to OWLS portal. -->
