<?xml version="1.0" encoding="UTF-8"?>
<!-- Generated by org.testng.reporters.JUnitXMLReporter -->
<testsuite hostname="CC" name="TC_CRM_008: To verify Interview/Site inspection task to be available under Wildlife licencing queue and inpsecting screen to be available for the role -&#039;Manager wildlife licencing&#039;." tests="1" failures="0" timestamp="10 Oct 2017 14:00:19 GMT" time="382.099" errors="0">
  <testcase name="completeSpecimenInterviewInspectionTask" time="313.213" classname="com.owls.crm.index.CRMIndex"/>
</testsuite> <!-- TC_CRM_008: To verify Interview/Site inspection task to be available under Wildlife licencing queue and inpsecting screen to be available for the role -'Manager wildlife licencing'. -->
