<?xml version="1.0" encoding="UTF-8"?>
<!-- Generated by org.testng.reporters.JUnitXMLReporter -->
<testsuite hostname="CC" name="TC_Portal_0013: To verify Online user submits a wildlife Controller application with conditions to trigger the &#039;Review Application&#039;  task." tests="1" failures="0" timestamp="8 Nov 2017 08:40:43 GMT" time="228.239" errors="0">
  <testcase name="verifyCreateCorporateApplication" time="144.591" classname="com.owls.corporate.index.CorporateApplicationIndex"/>
</testsuite> <!-- TC_Portal_0013: To verify Online user submits a wildlife Controller application with conditions to trigger the 'Review Application'  task. -->
