<?xml version="1.0" encoding="UTF-8"?>
<!-- Generated by org.testng.reporters.JUnitXMLReporter -->
<testsuite hostname="CC" name="TC_CRM_018: To verify OWLS internal user to complete &#039;Awaiting Payment Confirmation&#039; task and to verify the Permit document is available for the online portal user to download." tests="1" failures="0" timestamp="6 Nov 2017 05:30:13 GMT" time="403.204" errors="0">
  <testcase name="completeAwaitingPaymentConfirmationTask" time="337.589" classname="com.owls.crm.index.CRMIndex"/>
</testsuite> <!-- TC_CRM_018: To verify OWLS internal user to complete 'Awaiting Payment Confirmation' task and to verify the Permit document is available for the online portal user to download. -->
