<?xml version="1.0" encoding="UTF-8"?>
<!-- Generated by org.testng.reporters.JUnitXMLReporter -->
<testsuite hostname="CC" name="TC_CRM_016: To verify Interview/Site inspection task to be available under Wildlife licencing queue and inpsecting screen to be available for the role -&#039;Manager wildlife licencing&#039;." tests="1" failures="0" timestamp="6 Nov 2017 05:15:49 GMT" time="404.407" errors="0">
  <testcase name="completeInterviewInspectionTask" time="343.04" classname="com.owls.crm.index.CRMIndex"/>
</testsuite> <!-- TC_CRM_016: To verify Interview/Site inspection task to be available under Wildlife licencing queue and inpsecting screen to be available for the role -'Manager wildlife licencing'. -->
