<?xml version="1.0" encoding="UTF-8"?>
<!-- Generated by org.testng.reporters.JUnitXMLReporter -->
<testsuite hostname="CC" name="TC_CRM_017: To verify Delegate Office take the &#039;Approval By Delegate&#039; task to &#039;Await payment confirmation&#039; task." tests="1" failures="0" timestamp="6 Nov 2017 05:21:35 GMT" time="345.345" errors="0">
  <testcase name="verifyAndCompleteApproveDelegateTask" time="282.843" classname="com.owls.crm.index.CRMIndex"/>
</testsuite> <!-- TC_CRM_017: To verify Delegate Office take the 'Approval By Delegate' task to 'Await payment confirmation' task. -->
