<?xml version="1.0" encoding="UTF-8"?>
<!-- Generated by org.testng.reporters.JUnitXMLReporter -->
<testsuite hostname="CC" name="TC_CRM_015: To verify OWLS Internal user to progress the &#039;Review Application&#039; task to &#039;Interview/Site Inspection&#039; task." tests="1" failures="0" timestamp="6 Nov 2017 05:09:05 GMT" time="551.331" errors="0">
  <testcase name="completeReviewApplicationTask" time="491.57" classname="com.owls.crm.index.CRMIndex"/>
</testsuite> <!-- TC_CRM_015: To verify OWLS Internal user to progress the 'Review Application' task to 'Interview/Site Inspection' task. -->
