<?xml version="1.0" encoding="UTF-8"?>
<!-- Generated by org.testng.reporters.JUnitXMLReporter -->
<testsuite hostname="CC" name="TC_CRM_014: To verify OWLS Internal user reviews the &#039;Review Application task." tests="1" failures="0" timestamp="6 Nov 2017 04:59:54 GMT" time="273.243" errors="0">
  <testcase name="validateReviewAppliactionTask" time="208.675" classname="com.owls.crm.index.CRMIndex"/>
</testsuite> <!-- TC_CRM_014: To verify OWLS Internal user reviews the 'Review Application task. -->
