<?xml version="1.0" encoding="UTF-8"?>
<!-- Generated by org.testng.reporters.JUnitXMLReporter -->
<testsuite hostname="CC" name="TC_Portal_008: To verify Online user submits a advanced application with conditions to trigger the &#039;Review Application&#039;  task." tests="1" failures="0" timestamp="6 Nov 2017 04:55:20 GMT" time="278.137" errors="0">
  <testcase name="verifyCreateApplication" time="214.219" classname="com.owls.CreateApp.index.CreateApplicationIndex"/>
</testsuite> <!-- TC_Portal_008: To verify Online user submits a advanced application with conditions to trigger the 'Review Application'  task. -->
