<?xml version="1.0" encoding="UTF-8"?>
<!-- Generated by org.testng.reporters.JUnitXMLReporter -->
<testsuite hostname="CC" name="TC_Portal_009: To verify Payment Notice and Fee Pay links are generated and Payment Notice contains correct postal Address." tests="1" failures="0" timestamp="6 Nov 2017 05:23:30 GMT" time="115.393" errors="0">
  <testcase name="verifyPaymentNoticeAndAwaitingTask" time="47.55" classname="com.owls.CreateApp.index.CreateApplicationIndex"/>
</testsuite> <!-- TC_Portal_009: To verify Payment Notice and Fee Pay links are generated and Payment Notice contains correct postal Address. -->
