<?xml version="1.0" encoding="UTF-8"?>
<!-- Generated by org.testng.reporters.JUnitXMLReporter -->
<testsuite hostname="CC" name="TC_CRM_011: To verify OWLS internal user reviews the &#039;Review Application&#039; task." tests="1" failures="0" timestamp="1 Nov 2017 09:35:33 GMT" time="86.379" errors="0">
  <testcase name="completeAwaitingPaymentConfirmationTask" time="0.009" classname="com.owls.crm.index.CRMIndex">
    <skipped/>
  </testcase> <!-- completeAwaitingPaymentConfirmationTask -->
</testsuite> <!-- TC_CRM_011: To verify OWLS internal user reviews the 'Review Application' task. -->
