<?xml version="1.0" encoding="UTF-8"?>
<!-- Generated by org.testng.reporters.JUnitXMLReporter -->
<testsuite hostname="CC" name="TC_CRM_021: To verify Interview/Site inspection task to be available under appropriate region queue and inpsecting screen to be available for the role -&#039;Manager wildlife licencing&#039;." tests="1" failures="0" timestamp="25 Oct 2017 12:35:25 GMT" time="323.96" errors="0">
  <testcase name="completeDingoInterviewInspectionTask" time="264.55" classname="com.owls.crm.index.CRMIndex"/>
</testsuite> <!-- TC_CRM_021: To verify Interview/Site inspection task to be available under appropriate region queue and inpsecting screen to be available for the role -'Manager wildlife licencing'. -->
