<?xml version="1.0" encoding="UTF-8"?>
<!-- Generated by org.testng.reporters.JUnitXMLReporter -->
<testsuite hostname="CC" name="TC_Portal_014: The &#039;Payment Notice&#039; and &#039;Pay Fee&#039; links should be visible to Online Portal User. The online Portal user should be able to download The &#039;Payment Notice&#039;." tests="1" failures="0" timestamp="25 Oct 2017 12:42:26 GMT" time="104.879" errors="0">
  <testcase name="verifyDingoAppPaymentNoticeAndAwaitingTask" time="45.517" classname="com.owls.CreateApp.index.CreateApplicationIndex"/>
</testsuite> <!-- TC_Portal_014: The 'Payment Notice' and 'Pay Fee' links should be visible to Online Portal User. The online Portal user should be able to download The 'Payment Notice'. -->
